2019-07-04 10:10:47.386  INFO 16928 --- [restartedMain] cn.stylefeng.guns.GunsApplication        : Starting GunsApplication on KOTIN with PID 16928 (E:\ZCGYieldSystem\ZCGYieldSystem\target\classes started by Administrator in E:\ZCGYieldSystem\ZCGYieldSystem)
2019-07-04 10:10:47.390  INFO 16928 --- [restartedMain] cn.stylefeng.guns.GunsApplication        : The following profiles are active: pro
2019-07-04 10:10:47.466  INFO 16928 --- [restartedMain] .e.DevToolsPropertyDefaultsPostProcessor : Devtools property defaults active! Set 'spring.devtools.add-properties' to 'false' to disable
2019-07-04 10:10:47.467  INFO 16928 --- [restartedMain] .e.DevToolsPropertyDefaultsPostProcessor : For additional web related logging consider setting the 'logging.level.web' property to 'DEBUG'
2019-07-04 10:10:50.789  WARN 16928 --- [restartedMain] o.m.s.mapper.ClassPathMapperScanner      : Skipping MapperFactoryBean with name 'deptMapper' and 'cn.stylefeng.guns.modular.system.mapper.DeptMapper' mapperInterface. Bean already defined with the same name!
2019-07-04 10:10:50.790  WARN 16928 --- [restartedMain] o.m.s.mapper.ClassPathMapperScanner      : Skipping MapperFactoryBean with name 'dictMapper' and 'cn.stylefeng.guns.modular.system.mapper.DictMapper' mapperInterface. Bean already defined with the same name!
2019-07-04 10:10:50.790  WARN 16928 --- [restartedMain] o.m.s.mapper.ClassPathMapperScanner      : Skipping MapperFactoryBean with name 'fileInfoMapper' and 'cn.stylefeng.guns.modular.system.mapper.FileInfoMapper' mapperInterface. Bean already defined with the same name!
2019-07-04 10:10:50.790  WARN 16928 --- [restartedMain] o.m.s.mapper.ClassPathMapperScanner      : Skipping MapperFactoryBean with name 'loginLogMapper' and 'cn.stylefeng.guns.modular.system.mapper.LoginLogMapper' mapperInterface. Bean already defined with the same name!
2019-07-04 10:10:50.790  WARN 16928 --- [restartedMain] o.m.s.mapper.ClassPathMapperScanner      : Skipping MapperFactoryBean with name 'menuMapper' and 'cn.stylefeng.guns.modular.system.mapper.MenuMapper' mapperInterface. Bean already defined with the same name!
2019-07-04 10:10:50.790  WARN 16928 --- [restartedMain] o.m.s.mapper.ClassPathMapperScanner      : Skipping MapperFactoryBean with name 'noticeMapper' and 'cn.stylefeng.guns.modular.system.mapper.NoticeMapper' mapperInterface. Bean already defined with the same name!
2019-07-04 10:10:50.790  WARN 16928 --- [restartedMain] o.m.s.mapper.ClassPathMapperScanner      : Skipping MapperFactoryBean with name 'operationLogMapper' and 'cn.stylefeng.guns.modular.system.mapper.OperationLogMapper' mapperInterface. Bean already defined with the same name!
2019-07-04 10:10:50.790  WARN 16928 --- [restartedMain] o.m.s.mapper.ClassPathMapperScanner      : Skipping MapperFactoryBean with name 'relationMapper' and 'cn.stylefeng.guns.modular.system.mapper.RelationMapper' mapperInterface. Bean already defined with the same name!
2019-07-04 10:10:50.790  WARN 16928 --- [restartedMain] o.m.s.mapper.ClassPathMapperScanner      : Skipping MapperFactoryBean with name 'roleMapper' and 'cn.stylefeng.guns.modular.system.mapper.RoleMapper' mapperInterface. Bean already defined with the same name!
2019-07-04 10:10:50.790  WARN 16928 --- [restartedMain] o.m.s.mapper.ClassPathMapperScanner      : Skipping MapperFactoryBean with name 'userMapper' and 'cn.stylefeng.guns.modular.system.mapper.UserMapper' mapperInterface. Bean already defined with the same name!
2019-07-04 10:10:50.922  INFO 16928 --- [restartedMain] .s.d.r.c.RepositoryConfigurationDelegate : Bootstrapping Spring Data repositories in DEFAULT mode.
2019-07-04 10:10:51.130  INFO 16928 --- [restartedMain] .s.d.r.c.RepositoryConfigurationDelegate : Finished Spring Data repository scanning in 199ms. Found 16 repository interfaces.
2019-07-04 10:10:51.552  INFO 16928 --- [restartedMain] trationDelegate$BeanPostProcessorChecker : Bean 'shiroConfig' of type [cn.stylefeng.guns.config.web.ShiroConfig$$EnhancerBySpringCGLIB$$985d9237] is not eligible for getting processed by all BeanPostProcessors (for example: not eligible for auto-proxying)
2019-07-04 10:10:51.727  INFO 16928 --- [restartedMain] trationDelegate$BeanPostProcessorChecker : Bean 'rememberMeCookie' of type [org.apache.shiro.web.servlet.SimpleCookie] is not eligible for getting processed by all BeanPostProcessors (for example: not eligible for auto-proxying)
2019-07-04 10:10:54.914  INFO 16928 --- [restartedMain] trationDelegate$BeanPostProcessorChecker : Bean 'rememberMeManager' of type [org.apache.shiro.web.mgt.CookieRememberMeManager] is not eligible for getting processed by all BeanPostProcessors (for example: not eligible for auto-proxying)
2019-07-04 10:10:54.917  INFO 16928 --- [restartedMain] trationDelegate$BeanPostProcessorChecker : Bean 'ehCacheConfig' of type [cn.stylefeng.guns.config.EhCacheConfig$$EnhancerBySpringCGLIB$$aa2eb4bf] is not eligible for getting processed by all BeanPostProcessors (for example: not eligible for auto-proxying)
2019-07-04 10:10:54.921  INFO 16928 --- [restartedMain] o.s.c.ehcache.EhCacheManagerFactoryBean  : Initializing EhCache CacheManager
2019-07-04 10:10:55.108  INFO 16928 --- [restartedMain] trationDelegate$BeanPostProcessorChecker : Bean 'ehcache' of type [org.springframework.cache.ehcache.EhCacheManagerFactoryBean] is not eligible for getting processed by all BeanPostProcessors (for example: not eligible for auto-proxying)
2019-07-04 10:10:55.111  INFO 16928 --- [restartedMain] trationDelegate$BeanPostProcessorChecker : Bean 'getCacheShiroManager' of type [org.apache.shiro.cache.ehcache.EhCacheManager] is not eligible for getting processed by all BeanPostProcessors (for example: not eligible for auto-proxying)
2019-07-04 10:10:55.127  INFO 16928 --- [restartedMain] trationDelegate$BeanPostProcessorChecker : Bean 'gunsProperties' of type [cn.stylefeng.guns.config.properties.GunsProperties] is not eligible for getting processed by all BeanPostProcessors (for example: not eligible for auto-proxying)
2019-07-04 10:10:55.132  INFO 16928 --- [restartedMain] trationDelegate$BeanPostProcessorChecker : Bean 'defaultWebSessionManager' of type [org.apache.shiro.web.session.mgt.DefaultWebSessionManager] is not eligible for getting processed by all BeanPostProcessors (for example: not eligible for auto-proxying)
2019-07-04 10:10:55.144  INFO 16928 --- [restartedMain] trationDelegate$BeanPostProcessorChecker : Bean 'shiroDbRealm' of type [cn.stylefeng.guns.core.shiro.ShiroDbRealm] is not eligible for getting processed by all BeanPostProcessors (for example: not eligible for auto-proxying)
2019-07-04 10:10:55.144  INFO 16928 --- [restartedMain] o.a.shiro.cache.ehcache.EhCacheManager   : Cache with name 'cn.stylefeng.guns.core.shiro.ShiroDbRealm.authorizationCache' does not yet exist.  Creating now.
2019-07-04 10:10:55.168  INFO 16928 --- [restartedMain] o.a.shiro.cache.ehcache.EhCacheManager   : Added EhCache named [cn.stylefeng.guns.core.shiro.ShiroDbRealm.authorizationCache]
2019-07-04 10:10:55.170  INFO 16928 --- [restartedMain] trationDelegate$BeanPostProcessorChecker : Bean 'securityManager' of type [org.apache.shiro.web.mgt.DefaultWebSecurityManager] is not eligible for getting processed by all BeanPostProcessors (for example: not eligible for auto-proxying)
2019-07-04 10:10:55.173  INFO 16928 --- [restartedMain] trationDelegate$BeanPostProcessorChecker : Bean 'methodInvokingFactoryBean' of type [org.springframework.beans.factory.config.MethodInvokingFactoryBean] is not eligible for getting processed by all BeanPostProcessors (for example: not eligible for auto-proxying)
2019-07-04 10:10:55.185  INFO 16928 --- [restartedMain] trationDelegate$BeanPostProcessorChecker : Bean 'webConfig' of type [cn.stylefeng.guns.config.web.WebConfig$$EnhancerBySpringCGLIB$$3903c5fa] is not eligible for getting processed by all BeanPostProcessors (for example: not eligible for auto-proxying)
2019-07-04 10:10:55.208  INFO 16928 --- [restartedMain] trationDelegate$BeanPostProcessorChecker : Bean 'authorizationAttributeSourceAdvisor' of type [org.apache.shiro.spring.security.interceptor.AuthorizationAttributeSourceAdvisor] is not eligible for getting processed by all BeanPostProcessors (for example: not eligible for auto-proxying)
2019-07-04 10:10:55.210  INFO 16928 --- [restartedMain] trationDelegate$BeanPostProcessorChecker : Bean 'druidStatPointcut' of type [org.springframework.aop.support.JdkRegexpMethodPointcut] is not eligible for getting processed by all BeanPostProcessors (for example: not eligible for auto-proxying)
2019-07-04 10:10:55.216  INFO 16928 --- [restartedMain] trationDelegate$BeanPostProcessorChecker : Bean 'druidStatInterceptor' of type [com.alibaba.druid.support.spring.stat.DruidStatInterceptor] is not eligible for getting processed by all BeanPostProcessors (for example: not eligible for auto-proxying)
2019-07-04 10:10:55.216  INFO 16928 --- [restartedMain] trationDelegate$BeanPostProcessorChecker : Bean 'druidStatAdvisor' of type [org.springframework.aop.support.DefaultPointcutAdvisor] is not eligible for getting processed by all BeanPostProcessors (for example: not eligible for auto-proxying)
2019-07-04 10:10:55.269  INFO 16928 --- [restartedMain] trationDelegate$BeanPostProcessorChecker : Bean 'org.springframework.transaction.annotation.ProxyTransactionManagementConfiguration' of type [org.springframework.transaction.annotation.ProxyTransactionManagementConfiguration$$EnhancerBySpringCGLIB$$ce662352] is not eligible for getting processed by all BeanPostProcessors (for example: not eligible for auto-proxying)
2019-07-04 10:10:55.812  INFO 16928 --- [restartedMain] o.s.b.w.embedded.tomcat.TomcatWebServer  : Tomcat initialized with port(s): 8081 (http)
2019-07-04 10:10:55.831  INFO 16928 --- [restartedMain] o.apache.catalina.core.StandardService   : Starting service [Tomcat]
2019-07-04 10:10:55.832  INFO 16928 --- [restartedMain] org.apache.catalina.core.StandardEngine  : Starting Servlet Engine: Apache Tomcat/9.0.13
2019-07-04 10:10:55.841  INFO 16928 --- [restartedMain] o.a.catalina.core.AprLifecycleListener   : The APR based Apache Tomcat Native library which allows optimal performance in production environments was not found on the java.library.path: [E:\work\utils\jdk1.8.0_191\bin;C:\windows\Sun\Java\bin;C:\windows\system32;C:\windows;E:/work/utils/jre/bin/server;E:/work/utils/jre/bin;E:/work/utils/jre/lib/amd64;C:\Program Files (x86)\Common Files\Oracle\Java\javapath;C:\windows\system32;C:\windows;C:\windows\System32\Wbem;C:\windows\System32\WindowsPowerShell\v1.0\;C:\windows\System32\OpenSSH\;C:\Program Files (x86)\NVIDIA Corporation\PhysX\Common;E:\work\utils\apache-maven-3.5.0\bin;C:\Python26;E:\work\utils\mysql\bin;E:\work\utils\jdk1.8.0_191\bin;d:\Program Files\Git\cmd;C:\Users\Administrator\AppData\Local\Microsoft\WindowsApps;;E:\work\utils\eclipse\eclipse;;.]
2019-07-04 10:10:55.962  INFO 16928 --- [restartedMain] o.a.c.c.C.[Tomcat].[localhost].[/yield]  : Initializing Spring embedded WebApplicationContext
2019-07-04 10:10:55.962  INFO 16928 --- [restartedMain] o.s.web.context.ContextLoader            : Root WebApplicationContext: initialization completed in 8495 ms
2019-07-04 10:10:57.743  INFO 16928 --- [restartedMain] com.alibaba.druid.pool.DruidDataSource   : {dataSource-1} inited
2019-07-04 10:10:57.946  INFO 16928 --- [restartedMain] c.a.icatch.provider.imp.AssemblerImp     : Loaded jar:file:/E:/work/buffers/maven_local_repository/com/atomikos/transactions/4.0.6/transactions-4.0.6.jar!/transactions-defaults.properties
2019-07-04 10:10:57.949  WARN 16928 --- [restartedMain] c.a.icatch.provider.imp.AssemblerImp     : Thanks for using Atomikos! Evaluate http://www.atomikos.com/Main/ExtremeTransactions for advanced features and professional support
or register at http://www.atomikos.com/Main/RegisterYourDownload to disable this message and receive FREE tips & advice
2019-07-04 10:10:57.954  INFO 16928 --- [restartedMain] c.a.icatch.provider.imp.AssemblerImp     : USING: com.atomikos.icatch.default_max_wait_time_on_shutdown = 9223372036854775807
2019-07-04 10:10:57.954  INFO 16928 --- [restartedMain] c.a.icatch.provider.imp.AssemblerImp     : USING: com.atomikos.icatch.allow_subtransactions = true
2019-07-04 10:10:57.954  INFO 16928 --- [restartedMain] c.a.icatch.provider.imp.AssemblerImp     : USING: com.atomikos.icatch.recovery_delay = 10000
2019-07-04 10:10:57.954  INFO 16928 --- [restartedMain] c.a.icatch.provider.imp.AssemblerImp     : USING: com.atomikos.icatch.automatic_resource_registration = true
2019-07-04 10:10:57.954  INFO 16928 --- [restartedMain] c.a.icatch.provider.imp.AssemblerImp     : USING: com.atomikos.icatch.oltp_max_retries = 5
2019-07-04 10:10:57.954  INFO 16928 --- [restartedMain] c.a.icatch.provider.imp.AssemblerImp     : USING: com.atomikos.icatch.client_demarcation = false
2019-07-04 10:10:57.954  INFO 16928 --- [restartedMain] c.a.icatch.provider.imp.AssemblerImp     : USING: com.atomikos.icatch.threaded_2pc = false
2019-07-04 10:10:57.955  INFO 16928 --- [restartedMain] c.a.icatch.provider.imp.AssemblerImp     : USING: com.atomikos.icatch.serial_jta_transactions = true
2019-07-04 10:10:57.955  INFO 16928 --- [restartedMain] c.a.icatch.provider.imp.AssemblerImp     : USING: com.atomikos.icatch.log_base_dir = E:\ZCGYieldSystem\ZCGYieldSystem\transaction-logs
2019-07-04 10:10:57.955  INFO 16928 --- [restartedMain] c.a.icatch.provider.imp.AssemblerImp     : USING: com.atomikos.icatch.rmi_export_class = none
2019-07-04 10:10:57.955  INFO 16928 --- [restartedMain] c.a.icatch.provider.imp.AssemblerImp     : USING: com.atomikos.icatch.max_actives = 50
2019-07-04 10:10:57.955  INFO 16928 --- [restartedMain] c.a.icatch.provider.imp.AssemblerImp     : USING: com.atomikos.icatch.checkpoint_interval = 500
2019-07-04 10:10:57.955  INFO 16928 --- [restartedMain] c.a.icatch.provider.imp.AssemblerImp     : USING: com.atomikos.icatch.enable_logging = true
2019-07-04 10:10:57.955  INFO 16928 --- [restartedMain] c.a.icatch.provider.imp.AssemblerImp     : USING: com.atomikos.icatch.log_base_name = tmlog
2019-07-04 10:10:57.955  INFO 16928 --- [restartedMain] c.a.icatch.provider.imp.AssemblerImp     : USING: com.atomikos.icatch.max_timeout = 300000
2019-07-04 10:10:57.955  INFO 16928 --- [restartedMain] c.a.icatch.provider.imp.AssemblerImp     : USING: com.atomikos.icatch.trust_client_tm = false
2019-07-04 10:10:57.955  INFO 16928 --- [restartedMain] c.a.icatch.provider.imp.AssemblerImp     : USING: java.naming.factory.initial = com.sun.jndi.rmi.registry.RegistryContextFactory
2019-07-04 10:10:57.955  INFO 16928 --- [restartedMain] c.a.icatch.provider.imp.AssemblerImp     : USING: com.atomikos.icatch.tm_unique_name = 192.168.71.1.tm
2019-07-04 10:10:57.955  INFO 16928 --- [restartedMain] c.a.icatch.provider.imp.AssemblerImp     : USING: com.atomikos.icatch.forget_orphaned_log_entries_delay = 86400000
2019-07-04 10:10:57.955  INFO 16928 --- [restartedMain] c.a.icatch.provider.imp.AssemblerImp     : USING: com.atomikos.icatch.oltp_retry_interval = 10000
2019-07-04 10:10:57.955  INFO 16928 --- [restartedMain] c.a.icatch.provider.imp.AssemblerImp     : USING: java.naming.provider.url = rmi://localhost:1099
2019-07-04 10:10:57.955  INFO 16928 --- [restartedMain] c.a.icatch.provider.imp.AssemblerImp     : USING: com.atomikos.icatch.force_shutdown_on_vm_exit = false
2019-07-04 10:10:57.955  INFO 16928 --- [restartedMain] c.a.icatch.provider.imp.AssemblerImp     : USING: com.atomikos.icatch.default_jta_timeout = 10000
2019-07-04 10:10:57.956  INFO 16928 --- [restartedMain] c.a.icatch.provider.imp.AssemblerImp     : Using default (local) logging and recovery...
2019-07-04 10:10:58.115  INFO 16928 --- [restartedMain] o.hibernate.jpa.internal.util.LogHelper  : HHH000204: Processing PersistenceUnitInfo [
	name: default
	...]
2019-07-04 10:10:58.166  INFO 16928 --- [restartedMain] org.hibernate.Version                    : HHH000412: Hibernate Core {5.3.7.Final}
2019-07-04 10:10:58.168  INFO 16928 --- [restartedMain] org.hibernate.cfg.Environment            : HHH000206: hibernate.properties not found
2019-07-04 10:10:58.286  INFO 16928 --- [restartedMain] o.hibernate.annotations.common.Version   : HCANN000001: Hibernate Commons Annotations {5.0.4.Final}
2019-07-04 10:10:58.483  INFO 16928 --- [restartedMain] org.hibernate.dialect.Dialect            : HHH000400: Using dialect: org.hibernate.dialect.MySQL5Dialect
2019-07-04 10:11:05.013  INFO 16928 --- [restartedMain] j.LocalContainerEntityManagerFactoryBean : Initialized JPA EntityManagerFactory for persistence unit 'default'
2019-07-04 10:11:05.041  INFO 16928 --- [restartedMain] o.s.b.d.a.OptionalLiveReloadServer       : LiveReload server is running on port 35729
2019-07-04 10:11:05.597  INFO 16928 --- [restartedMain] o.h.h.i.QueryTranslatorFactoryInitiator  : HHH000397: Using ASTQueryTranslatorFactory
2019-07-04 10:11:06.376  INFO 16928 --- [restartedMain] o.s.s.concurrent.ThreadPoolTaskExecutor  : Initializing ExecutorService 'applicationTaskExecutor'
2019-07-04 10:11:08.305  WARN 16928 --- [restartedMain] aWebConfiguration$JpaWebMvcConfiguration : spring.jpa.open-in-view is enabled by default. Therefore, database queries may be performed during view rendering. Explicitly configure spring.jpa.open-in-view to disable this warning
2019-07-04 10:11:08.469  INFO 16928 --- [restartedMain] pertySourcedRequestMappingHandlerMapping : Mapped URL path [/v2/api-docs] onto method [public org.springframework.http.ResponseEntity<springfox.documentation.spring.web.json.Json> springfox.documentation.swagger2.web.Swagger2Controller.getDocumentation(java.lang.String,javax.servlet.http.HttpServletRequest)]
2019-07-04 10:11:08.818  INFO 16928 --- [restartedMain] d.s.w.p.DocumentationPluginsBootstrapper : Context refreshed
2019-07-04 10:11:08.839  INFO 16928 --- [restartedMain] d.s.w.p.DocumentationPluginsBootstrapper : Found 1 custom documentation plugin(s)
2019-07-04 10:11:08.862  INFO 16928 --- [restartedMain] s.d.s.w.s.ApiListingReferenceScanner     : Scanning for api listing references
2019-07-04 10:11:08.901  INFO 16928 --- [restartedMain] o.s.b.w.embedded.tomcat.TomcatWebServer  : Tomcat started on port(s): 8081 (http) with context path '/yield'
2019-07-04 10:11:08.903  INFO 16928 --- [restartedMain] cn.stylefeng.guns.GunsApplication        : Started GunsApplication in 22.321 seconds (JVM running for 23.183)
2019-07-04 10:11:08.907  INFO 16928 --- [restartedMain] cn.stylefeng.guns.GunsApplication        : GunsApplication is success!
2019-07-04 10:11:52.901  INFO 16928 --- [http-nio-8081-exec-3] o.a.c.c.C.[Tomcat].[localhost].[/yield]  : Initializing Spring DispatcherServlet 'dispatcherServlet'
2019-07-04 10:11:52.901  INFO 16928 --- [http-nio-8081-exec-3] o.s.web.servlet.DispatcherServlet        : Initializing Servlet 'dispatcherServlet'
2019-07-04 10:11:52.928  INFO 16928 --- [http-nio-8081-exec-3] o.s.web.servlet.DispatcherServlet        : Completed initialization in 27 ms
2019-07-04 10:11:52.970  INFO 16928 --- [http-nio-8081-exec-3] a.s.s.m.AbstractValidatingSessionManager : Enabling session validation scheduler...
2019-07-04 10:26:52.972  INFO 16928 --- [SessionValidationThread-1] a.s.s.m.AbstractValidatingSessionManager : Validating all active sessions...
2019-07-04 10:26:52.972  INFO 16928 --- [SessionValidationThread-1] a.s.s.m.AbstractValidatingSessionManager : Finished session validation.  No sessions were stopped.
